#
# A fatal error has been detected by the Java Runtime Environment:
#
#  SIGSEGV (0xb) at pc=0x00007fc7c1f41814, pid=9156, tid=9156
#
# JRE version: OpenJDK Runtime Environment (11.0.17+8) (build 11.0.17+8-post-Ubuntu-1ubuntu220.04)
# Java VM: OpenJDK 64-Bit Server VM (11.0.17+8-post-Ubuntu-1ubuntu220.04, mixed mode, sharing, tiered, compressed oops, g1 gc, linux-amd64)
# Problematic frame:
# C  [libpython3.9.so.1.0+0x20c814]  visit_decref+0x4
#
# No core dump will be written. Core dumps have been disabled. To enable core dumping, try "ulimit -c unlimited" before starting Java again
#
# If you would like to submit a bug report, please visit:
#   https://bugs.launchpad.net/ubuntu/+source/openjdk-lts
# The crash happened outside the Java Virtual Machine in native code.
# See problematic frame for where to report the bug.
#

---------------  S U M M A R Y ------------

Command Line: 

Host: Intel(R) Core(TM) i5-6400 CPU @ 2.70GHz, 4 cores, 12G, Ubuntu 20.04.5 LTS
Time: Fri Apr 28 18:58:29 2023 CEST elapsed time: 3.970384 seconds (0d 0h 0m 3s)

---------------  T H R E A D  ---------------

Current thread (0x0000563938f56000):  JavaThread "main" [_thread_in_native, id=9156, stack(0x00007ffd6c98d000,0x00007ffd6ca8d000)]

Stack: [0x00007ffd6c98d000,0x00007ffd6ca8d000],  sp=0x00007ffd6ca79c78,  free space=947k
Native frames: (J=compiled Java code, A=aot compiled Java code, j=interpreted, Vv=VM code, C=native code)
C  [libpython3.9.so.1.0+0x20c814]  visit_decref+0x4


siginfo: si_signo: 11 (SIGSEGV), si_code: 1 (SEGV_MAPERR), si_addr: 0x000000736d687471

Register to memory mapping:

RAX=0x000056393d0258c0 points into unknown readable memory: 0x00007fc69fae0290 | 90 02 ae 9f c6 7f 00 00
RBX=0x00007fc789644950 points into unknown readable memory: 0x0000000000000002 | 02 00 00 00 00 00 00 00
RCX=0x0000563937a81f50 points into unknown readable memory: 0x00000000000009c3 | c3 09 00 00 00 00 00 00
RDX=0x00007fc789644950 points into unknown readable memory: 0x0000000000000002 | 02 00 00 00 00 00 00 00
RSP=0x00007ffd6ca79c78 is pointing into the stack for thread: 0x0000563938f56000
RBP=0x00007fc7c1f41810: <offset 0x000000000020c810> in /home/peng_luh/.pyenv/versions/3.9.5/lib/libpython3.9.so.1.0 at 0x00007fc7c1d35000
RSI=0x00007fc789644950 points into unknown readable memory: 0x0000000000000002 | 02 00 00 00 00 00 00 00
RDI=0x000000736d687469 is an unknown value
R8 =0x00005639387ad350 points into unknown readable memory: 0x0000000000000001 | 01 00 00 00 00 00 00 00
R9 =0x00007fc69fa55de0 points into unknown readable memory: 0x00007fc69fab9330 | 30 93 ab 9f c6 7f 00 00
R10=0x00007fc7b448c398 points into unknown readable memory: 0x00007fc69f7aed00 | 00 ed 7a 9f c6 7f 00 00
R11=0x0000563937a70e20 points into unknown readable memory: 0x0000000000000000 | 00 00 00 00 00 00 00 00
R12=0x00007fc789644950 points into unknown readable memory: 0x0000000000000002 | 02 00 00 00 00 00 00 00
R13=0x0000000000000002 is an unknown value
R14=0x0000563937a715a0 points into unknown readable memory: 0x00007fc7c165e030 | 30 e0 65 c1 c7 7f 00 00
R15=0x0 is NULL


Registers:
RAX=0x000056393d0258c0, RBX=0x00007fc789644950, RCX=0x0000563937a81f50, RDX=0x00007fc789644950
RSP=0x00007ffd6ca79c78, RBP=0x00007fc7c1f41810, RSI=0x00007fc789644950, RDI=0x000000736d687469
R8 =0x00005639387ad350, R9 =0x00007fc69fa55de0, R10=0x00007fc7b448c398, R11=0x0000563937a70e20
R12=0x00007fc789644950, R13=0x0000000000000002, R14=0x0000563937a715a0, R15=0x0000000000000000
RIP=0x00007fc7c1f41814, EFLAGS=0x0000000000010206, CSGSFS=0x002b000000000033, ERR=0x0000000000000004
  TRAPNO=0x000000000000000e

Top of Stack: (sp=0x00007ffd6ca79c78)
0x00007ffd6ca79c78:   00007fc7c1e38db9 00007fc7c1f41810
0x00007ffd6ca79c88:   00007fc789644940 0000563937a712f0
0x00007ffd6ca79c98:   00007fc7c1f42594 0000000000000000
0x00007ffd6ca79ca8:   0000563937a70e20 0000000000000002 

Instructions: (pc=0x00007fc7c1f41814)
0x00007fc7c1f41714:   48 8b 05 1d b6 15 00 53 48 8b 80 38 02 00 00 48
0x00007fc7c1f41724:   8b 40 10 8b 98 78 02 00 00 83 fb ff 74 0e 48 63
0x00007fc7c1f41734:   fb 5b e9 e5 d2 e5 ff 0f 1f 44 00 00 e8 9b af e5
0x00007fc7c1f41744:   ff 48 85 c0 74 e8 f3 0f 1e fa 31 c0 5b c3 66 66
0x00007fc7c1f41754:   2e 0f 1f 84 00 00 00 00 00 0f 1f 00 f3 0f 1e fa
0x00007fc7c1f41764:   48 8b 05 cd b5 15 00 53 48 8b 80 38 02 00 00 48
0x00007fc7c1f41774:   8b 40 10 8b 98 74 02 00 00 83 fb ff 74 0e 48 63
0x00007fc7c1f41784:   fb 5b e9 c5 9f e5 ff 0f 1f 44 00 00 e8 4b af e5
0x00007fc7c1f41794:   ff 48 85 c0 74 e8 f3 0f 1e fa 31 c0 5b c3 66 66
0x00007fc7c1f417a4:   2e 0f 1f 84 00 00 00 00 00 0f 1f 00 f3 0f 1e fa
0x00007fc7c1f417b4:   48 8b 05 7d b5 15 00 48 8b 80 38 02 00 00 48 8b
0x00007fc7c1f417c4:   40 10 c7 80 74 02 00 00 00 00 00 00 48 8b 05 21
0x00007fc7c1f417d4:   b6 15 00 48 83 00 01 c3 0f 1f 40 00 f3 0f 1e fa
0x00007fc7c1f417e4:   48 8b 05 4d b5 15 00 48 8b 80 38 02 00 00 48 8b
0x00007fc7c1f417f4:   40 10 c7 80 74 02 00 00 01 00 00 00 48 8b 05 f1
0x00007fc7c1f41804:   b5 15 00 48 83 00 01 c3 0f 1f 40 00 f3 0f 1e fa
0x00007fc7c1f41814:   48 8b 47 08 f6 80 a9 00 00 00 40 74 2f 53 48 8b
0x00007fc7c1f41824:   80 48 01 00 00 48 89 fb 48 85 c0 74 06 ff d0 85
0x00007fc7c1f41834:   c0 74 10 48 8b 43 f8 a8 02 74 08 48 83 e8 04 48
0x00007fc7c1f41844:   89 43 f8 31 c0 5b c3 0f 1f 44 00 00 31 c0 c3 66
0x00007fc7c1f41854:   66 2e 0f 1f 84 00 00 00 00 00 66 90 f3 0f 1e fa
0x00007fc7c1f41864:   48 8b 47 08 f6 80 a9 00 00 00 40 74 4f 55 48 89
0x00007fc7c1f41874:   f5 53 48 89 fb 48 83 ec 08 48 8b 80 48 01 00 00
0x00007fc7c1f41884:   48 85 c0 74 06 ff d0 85 c0 74 22 48 8b 43 f8 a8
0x00007fc7c1f41894:   02 74 1a 48 8b 53 f0 f6 c2 01 75 28 48 89 c1 48
0x00007fc7c1f418a4:   c1 e9 02 75 08 48 83 c8 04 48 89 43 f8 48 83 c4
0x00007fc7c1f418b4:   08 31 c0 5b 5d c3 66 0f 1f 44 00 00 31 c0 c3 0f
0x00007fc7c1f418c4:   1f 44 00 00 48 89 d1 48 83 e0 fc 48 83 e1 fe 48
0x00007fc7c1f418d4:   89 10 48 8b 51 08 83 e2 03 48 09 d0 48 89 41 08
0x00007fc7c1f418e4:   48 8b 43 f8 48 8b 55 08 83 e0 03 48 09 d0 48 89
0x00007fc7c1f418f4:   43 f8 48 8d 43 f0 48 89 02 48 89 6b f0 48 89 45
0x00007fc7c1f41904:   08 48 8b 43 f8 83 e0 03 48 83 c8 04 48 89 43 f8 


Stack slot to memory mapping:
stack at sp + 0 slots: 0x00007fc7c1e38db9: <offset 0x0000000000103db9> in /home/peng_luh/.pyenv/versions/3.9.5/lib/libpython3.9.so.1.0 at 0x00007fc7c1d35000
stack at sp + 1 slots: 0x00007fc7c1f41810: <offset 0x000000000020c810> in /home/peng_luh/.pyenv/versions/3.9.5/lib/libpython3.9.so.1.0 at 0x00007fc7c1d35000
stack at sp + 2 slots: 0x00007fc789644940 points into unknown readable memory: 0x00007fc7b0350530 | 30 05 35 b0 c7 7f 00 00
stack at sp + 3 slots: 0x0000563937a712f0 points into unknown readable memory: 0x0000000000000000 | 00 00 00 00 00 00 00 00
stack at sp + 4 slots: 0x00007fc7c1f42594: <offset 0x000000000020d594> in /home/peng_luh/.pyenv/versions/3.9.5/lib/libpython3.9.so.1.0 at 0x00007fc7c1d35000
stack at sp + 5 slots: 0x0 is NULL
stack at sp + 6 slots: 0x0000563937a70e20 points into unknown readable memory: 0x0000000000000000 | 00 00 00 00 00 00 00 00
stack at sp + 7 slots: 0x0000000000000002 is an unknown value


---------------  P R O C E S S  ---------------

Threads class SMR info:
_java_thread_list=0x00007fc73c000b60, length=9, elements={
0x0000563938f56000, 0x00005639399a5800, 0x00005639399af800, 0x00005639399b8000,
0x00005639399ba000, 0x00005639399bc000, 0x00005639399be800, 0x0000563939a32000,
0x00007fc760001000
}

Java Threads: ( => current thread )
=>0x0000563938f56000 JavaThread "main" [_thread_in_native, id=9156, stack(0x00007ffd6c98d000,0x00007ffd6ca8d000)]
  0x00005639399a5800 JavaThread "Reference Handler" daemon [_thread_blocked, id=9187, stack(0x00007fc794af0000,0x00007fc794bf1000)]
  0x00005639399af800 JavaThread "Finalizer" daemon [_thread_blocked, id=9188, stack(0x00007fc7949ef000,0x00007fc794af0000)]
  0x00005639399b8000 JavaThread "Service Thread" daemon [_thread_blocked, id=9190, stack(0x00007fc79467a000,0x00007fc79477b000)]
  0x00005639399ba000 JavaThread "C2 CompilerThread0" daemon [_thread_blocked, id=9191, stack(0x00007fc794579000,0x00007fc79467a000)]
  0x00005639399bc000 JavaThread "C1 CompilerThread0" daemon [_thread_blocked, id=9192, stack(0x00007fc794478000,0x00007fc794579000)]
  0x00005639399be800 JavaThread "Sweeper thread" daemon [_thread_blocked, id=9193, stack(0x00007fc794377000,0x00007fc794478000)]
  0x0000563939a32000 JavaThread "Common-Cleaner" daemon [_thread_blocked, id=9195, stack(0x00007fc7940b4000,0x00007fc7941b5000)]
  0x00007fc760001000 JavaThread "SIGINT handler" daemon [_thread_blocked, id=9211, stack(0x00007fc78990f000,0x00007fc789a10000)]

Other Threads:
  0x00005639399a3000 VMThread "VM Thread" [stack: 0x00007fc794bf3000,0x00007fc794cf3000] [id=9186]
  0x0000563938f64800 GCTaskThread "GC Thread#0" [stack: 0x00007fc796bc0000,0x00007fc796cc0000] [id=9181]
  0x00007fc774001000 GCTaskThread "GC Thread#1" [stack: 0x00007fc789c16000,0x00007fc789d16000] [id=9197]
  0x00007fc774002800 GCTaskThread "GC Thread#2" [stack: 0x00007fc789b14000,0x00007fc789c14000] [id=9198]
  0x00007fc774004000 GCTaskThread "GC Thread#3" [stack: 0x00007fc789a12000,0x00007fc789b12000] [id=9199]
  0x00005639393ac800 ConcurrentGCThread "G1 Main Marker" [stack: 0x00007fc7957fb000,0x00007fc7958fb000] [id=9182]
  0x00005639393ad800 ConcurrentGCThread "G1 Conc#0" [stack: 0x00007fc7956f9000,0x00007fc7957f9000] [id=9183]
  0x000056393982f000 ConcurrentGCThread "G1 Refine#0" [stack: 0x00007fc7955f7000,0x00007fc7956f7000] [id=9184]
  0x0000563939830000 ConcurrentGCThread "G1 Young RemSet Sampling" [stack: 0x00007fc7954f5000,0x00007fc7955f5000] [id=9185]

Threads with active compile tasks:

VM state:at safepoint (shutting down)

VM Mutex/Monitor currently owned by a thread:  ([mutex/lock_event])
[0x0000563938f103f0] Threads_lock - owner thread: 0x00005639399a3000

Heap address: 0x000000073c400000, size: 3132 MB, Compressed Oops mode: Zero based, Oop shift amount: 3
Narrow klass base: 0x0000000800000000, Narrow klass shift: 3
Compressed class space size: 1073741824 Address: 0x0000000840000000

Heap:
 garbage-first heap   total 202752K, used 18915K [0x000000073c400000, 0x0000000800000000)
  region size 1024K, 15 young (15360K), 2 survivors (2048K)
 Metaspace       used 10620K, capacity 10991K, committed 11264K, reserved 1058816K
  class space    used 1278K, capacity 1440K, committed 1536K, reserved 1048576K
Heap Regions: E=young(eden), S=young(survivor), O=old, HS=humongous(starts), HC=humongous(continues), CS=collection set, F=free, A=archive, TAMS=top-at-mark-start (previous, next)
|   0|0x000000073c400000, 0x000000073c500000, 0x000000073c500000|100%|HS|  |TAMS 0x000000073c400000, 0x000000073c400000| Complete 
|   1|0x000000073c500000, 0x000000073c600000, 0x000000073c600000|100%|HC|  |TAMS 0x000000073c500000, 0x000000073c500000| Complete 
|   2|0x000000073c600000, 0x000000073c700000, 0x000000073c700000|100%|HC|  |TAMS 0x000000073c600000, 0x000000073c600000| Complete 
|   3|0x000000073c700000, 0x000000073c800000, 0x000000073c800000|100%|HC|  |TAMS 0x000000073c700000, 0x000000073c700000| Complete 
|   4|0x000000073c800000, 0x000000073c800000, 0x000000073c900000|  0%| F|  |TAMS 0x000000073c800000, 0x000000073c800000| Untracked 
|   5|0x000000073c900000, 0x000000073c900000, 0x000000073ca00000|  0%| F|  |TAMS 0x000000073c900000, 0x000000073c900000| Untracked 
|   6|0x000000073ca00000, 0x000000073ca00000, 0x000000073cb00000|  0%| F|  |TAMS 0x000000073ca00000, 0x000000073ca00000| Untracked 
|   7|0x000000073cb00000, 0x000000073cb00000, 0x000000073cc00000|  0%| F|  |TAMS 0x000000073cb00000, 0x000000073cb00000| Untracked 
|   8|0x000000073cc00000, 0x000000073cc00000, 0x000000073cd00000|  0%| F|  |TAMS 0x000000073cc00000, 0x000000073cc00000| Untracked 
|   9|0x000000073cd00000, 0x000000073cd00000, 0x000000073ce00000|  0%| F|  |TAMS 0x000000073cd00000, 0x000000073cd00000| Untracked 
|  10|0x000000073ce00000, 0x000000073ce00000, 0x000000073cf00000|  0%| F|  |TAMS 0x000000073ce00000, 0x000000073ce00000| Untracked 
|  11|0x000000073cf00000, 0x000000073cf00000, 0x000000073d000000|  0%| F|  |TAMS 0x000000073cf00000, 0x000000073cf00000| Untracked 
|  12|0x000000073d000000, 0x000000073d000000, 0x000000073d100000|  0%| F|  |TAMS 0x000000073d000000, 0x000000073d000000| Untracked 
|  13|0x000000073d100000, 0x000000073d100000, 0x000000073d200000|  0%| F|  |TAMS 0x000000073d100000, 0x000000073d100000| Untracked 
|  14|0x000000073d200000, 0x000000073d200000, 0x000000073d300000|  0%| F|  |TAMS 0x000000073d200000, 0x000000073d200000| Untracked 
|  15|0x000000073d300000, 0x000000073d300000, 0x000000073d400000|  0%| F|  |TAMS 0x000000073d300000, 0x000000073d300000| Untracked 
|  16|0x000000073d400000, 0x000000073d400000, 0x000000073d500000|  0%| F|  |TAMS 0x000000073d400000, 0x000000073d400000| Untracked 
|  17|0x000000073d500000, 0x000000073d500000, 0x000000073d600000|  0%| F|  |TAMS 0x000000073d500000, 0x000000073d500000| Untracked 
|  18|0x000000073d600000, 0x000000073d600000, 0x000000073d700000|  0%| F|  |TAMS 0x000000073d600000, 0x000000073d600000| Untracked 
|  19|0x000000073d700000, 0x000000073d700000, 0x000000073d800000|  0%| F|  |TAMS 0x000000073d700000, 0x000000073d700000| Untracked 
|  20|0x000000073d800000, 0x000000073d800000, 0x000000073d900000|  0%| F|  |TAMS 0x000000073d800000, 0x000000073d800000| Untracked 
|  21|0x000000073d900000, 0x000000073d900000, 0x000000073da00000|  0%| F|  |TAMS 0x000000073d900000, 0x000000073d900000| Untracked 
|  22|0x000000073da00000, 0x000000073da00000, 0x000000073db00000|  0%| F|  |TAMS 0x000000073da00000, 0x000000073da00000| Untracked 
|  23|0x000000073db00000, 0x000000073db00000, 0x000000073dc00000|  0%| F|  |TAMS 0x000000073db00000, 0x000000073db00000| Untracked 
|  24|0x000000073dc00000, 0x000000073dc00000, 0x000000073dd00000|  0%| F|  |TAMS 0x000000073dc00000, 0x000000073dc00000| Untracked 
|  25|0x000000073dd00000, 0x000000073dd00000, 0x000000073de00000|  0%| F|  |TAMS 0x000000073dd00000, 0x000000073dd00000| Untracked 
|  26|0x000000073de00000, 0x000000073de00000, 0x000000073df00000|  0%| F|  |TAMS 0x000000073de00000, 0x000000073de00000| Untracked 
|  27|0x000000073df00000, 0x000000073df00000, 0x000000073e000000|  0%| F|  |TAMS 0x000000073df00000, 0x000000073df00000| Untracked 
|  28|0x000000073e000000, 0x000000073e000000, 0x000000073e100000|  0%| F|  |TAMS 0x000000073e000000, 0x000000073e000000| Untracked 
|  29|0x000000073e100000, 0x000000073e100000, 0x000000073e200000|  0%| F|  |TAMS 0x000000073e100000, 0x000000073e100000| Untracked 
|  30|0x000000073e200000, 0x000000073e200000, 0x000000073e300000|  0%| F|  |TAMS 0x000000073e200000, 0x000000073e200000| Untracked 
|  31|0x000000073e300000, 0x000000073e300000, 0x000000073e400000|  0%| F|  |TAMS 0x000000073e300000, 0x000000073e300000| Untracked 
|  32|0x000000073e400000, 0x000000073e400000, 0x000000073e500000|  0%| F|  |TAMS 0x000000073e400000, 0x000000073e400000| Untracked 
|  33|0x000000073e500000, 0x000000073e500000, 0x000000073e600000|  0%| F|  |TAMS 0x000000073e500000, 0x000000073e500000| Untracked 
|  34|0x000000073e600000, 0x000000073e600000, 0x000000073e700000|  0%| F|  |TAMS 0x000000073e600000, 0x000000073e600000| Untracked 
|  35|0x000000073e700000, 0x000000073e700000, 0x000000073e800000|  0%| F|  |TAMS 0x000000073e700000, 0x000000073e700000| Untracked 
|  36|0x000000073e800000, 0x000000073e800000, 0x000000073e900000|  0%| F|  |TAMS 0x000000073e800000, 0x000000073e800000| Untracked 
|  37|0x000000073e900000, 0x000000073e900000, 0x000000073ea00000|  0%| F|  |TAMS 0x000000073e900000, 0x000000073e900000| Untracked 
|  38|0x000000073ea00000, 0x000000073ea00000, 0x000000073eb00000|  0%| F|  |TAMS 0x000000073ea00000, 0x000000073ea00000| Untracked 
|  39|0x000000073eb00000, 0x000000073eb00000, 0x000000073ec00000|  0%| F|  |TAMS 0x000000073eb00000, 0x000000073eb00000| Untracked 
|  40|0x000000073ec00000, 0x000000073ec00000, 0x000000073ed00000|  0%| F|  |TAMS 0x000000073ec00000, 0x000000073ec00000| Untracked 
|  41|0x000000073ed00000, 0x000000073ed00000, 0x000000073ee00000|  0%| F|  |TAMS 0x000000073ed00000, 0x000000073ed00000| Untracked 
|  42|0x000000073ee00000, 0x000000073ee00000, 0x000000073ef00000|  0%| F|  |TAMS 0x000000073ee00000, 0x000000073ee00000| Untracked 
|  43|0x000000073ef00000, 0x000000073ef00000, 0x000000073f000000|  0%| F|  |TAMS 0x000000073ef00000, 0x000000073ef00000| Untracked 
|  44|0x000000073f000000, 0x000000073f000000, 0x000000073f100000|  0%| F|  |TAMS 0x000000073f000000, 0x000000073f000000| Untracked 
|  45|0x000000073f100000, 0x000000073f100000, 0x000000073f200000|  0%| F|  |TAMS 0x000000073f100000, 0x000000073f100000| Untracked 
|  46|0x000000073f200000, 0x000000073f200000, 0x000000073f300000|  0%| F|  |TAMS 0x000000073f200000, 0x000000073f200000| Untracked 
|  47|0x000000073f300000, 0x000000073f300000, 0x000000073f400000|  0%| F|  |TAMS 0x000000073f300000, 0x000000073f300000| Untracked 
|  48|0x000000073f400000, 0x000000073f400000, 0x000000073f500000|  0%| F|  |TAMS 0x000000073f400000, 0x000000073f400000| Untracked 
|  49|0x000000073f500000, 0x000000073f500000, 0x000000073f600000|  0%| F|  |TAMS 0x000000073f500000, 0x000000073f500000| Untracked 
|  50|0x000000073f600000, 0x000000073f600000, 0x000000073f700000|  0%| F|  |TAMS 0x000000073f600000, 0x000000073f600000| Untracked 
|  51|0x000000073f700000, 0x000000073f700000, 0x000000073f800000|  0%| F|  |TAMS 0x000000073f700000, 0x000000073f700000| Untracked 
|  52|0x000000073f800000, 0x000000073f800000, 0x000000073f900000|  0%| F|  |TAMS 0x000000073f800000, 0x000000073f800000| Untracked 
|  53|0x000000073f900000, 0x000000073f900000, 0x000000073fa00000|  0%| F|  |TAMS 0x000000073f900000, 0x000000073f900000| Untracked 
|  54|0x000000073fa00000, 0x000000073fa00000, 0x000000073fb00000|  0%| F|  |TAMS 0x000000073fa00000, 0x000000073fa00000| Untracked 
|  55|0x000000073fb00000, 0x000000073fb00000, 0x000000073fc00000|  0%| F|  |TAMS 0x000000073fb00000, 0x000000073fb00000| Untracked 
|  56|0x000000073fc00000, 0x000000073fc00000, 0x000000073fd00000|  0%| F|  |TAMS 0x000000073fc00000, 0x000000073fc00000| Untracked 
|  57|0x000000073fd00000, 0x000000073fd00000, 0x000000073fe00000|  0%| F|  |TAMS 0x000000073fd00000, 0x000000073fd00000| Untracked 
|  58|0x000000073fe00000, 0x000000073fe00000, 0x000000073ff00000|  0%| F|  |TAMS 0x000000073fe00000, 0x000000073fe00000| Untracked 
|  59|0x000000073ff00000, 0x000000073ff00000, 0x0000000740000000|  0%| F|  |TAMS 0x000000073ff00000, 0x000000073ff00000| Untracked 
|  60|0x0000000740000000, 0x0000000740000000, 0x0000000740100000|  0%| F|  |TAMS 0x0000000740000000, 0x0000000740000000| Untracked 
|  61|0x0000000740100000, 0x0000000740100000, 0x0000000740200000|  0%| F|  |TAMS 0x0000000740100000, 0x0000000740100000| Untracked 
|  62|0x0000000740200000, 0x0000000740200000, 0x0000000740300000|  0%| F|  |TAMS 0x0000000740200000, 0x0000000740200000| Untracked 
|  63|0x0000000740300000, 0x0000000740300000, 0x0000000740400000|  0%| F|  |TAMS 0x0000000740300000, 0x0000000740300000| Untracked 
|  64|0x0000000740400000, 0x0000000740400000, 0x0000000740500000|  0%| F|  |TAMS 0x0000000740400000, 0x0000000740400000| Untracked 
|  65|0x0000000740500000, 0x0000000740500000, 0x0000000740600000|  0%| F|  |TAMS 0x0000000740500000, 0x0000000740500000| Untracked 
|  66|0x0000000740600000, 0x0000000740600000, 0x0000000740700000|  0%| F|  |TAMS 0x0000000740600000, 0x0000000740600000| Untracked 
|  67|0x0000000740700000, 0x0000000740700000, 0x0000000740800000|  0%| F|  |TAMS 0x0000000740700000, 0x0000000740700000| Untracked 
|  68|0x0000000740800000, 0x0000000740800000, 0x0000000740900000|  0%| F|  |TAMS 0x0000000740800000, 0x0000000740800000| Untracked 
|  69|0x0000000740900000, 0x0000000740900000, 0x0000000740a00000|  0%| F|  |TAMS 0x0000000740900000, 0x0000000740900000| Untracked 
|  70|0x0000000740a00000, 0x0000000740a00000, 0x0000000740b00000|  0%| F|  |TAMS 0x0000000740a00000, 0x0000000740a00000| Untracked 
|  71|0x0000000740b00000, 0x0000000740b00000, 0x0000000740c00000|  0%| F|  |TAMS 0x0000000740b00000, 0x0000000740b00000| Untracked 
|  72|0x0000000740c00000, 0x0000000740c00000, 0x0000000740d00000|  0%| F|  |TAMS 0x0000000740c00000, 0x0000000740c00000| Untracked 
|  73|0x0000000740d00000, 0x0000000740d00000, 0x0000000740e00000|  0%| F|  |TAMS 0x0000000740d00000, 0x0000000740d00000| Untracked 
|  74|0x0000000740e00000, 0x0000000740e00000, 0x0000000740f00000|  0%| F|  |TAMS 0x0000000740e00000, 0x0000000740e00000| Untracked 
|  75|0x0000000740f00000, 0x0000000740f00000, 0x0000000741000000|  0%| F|  |TAMS 0x0000000740f00000, 0x0000000740f00000| Untracked 
|  76|0x0000000741000000, 0x0000000741000000, 0x0000000741100000|  0%| F|  |TAMS 0x0000000741000000, 0x0000000741000000| Untracked 
|  77|0x0000000741100000, 0x0000000741100000, 0x0000000741200000|  0%| F|  |TAMS 0x0000000741100000, 0x0000000741100000| Untracked 
|  78|0x0000000741200000, 0x0000000741200000, 0x0000000741300000|  0%| F|  |TAMS 0x0000000741200000, 0x0000000741200000| Untracked 
|  79|0x0000000741300000, 0x0000000741300000, 0x0000000741400000|  0%| F|  |TAMS 0x0000000741300000, 0x0000000741300000| Untracked 
|  80|0x0000000741400000, 0x0000000741400000, 0x0000000741500000|  0%| F|  |TAMS 0x0000000741400000, 0x0000000741400000| Untracked 
|  81|0x0000000741500000, 0x0000000741500000, 0x0000000741600000|  0%| F|  |TAMS 0x0000000741500000, 0x0000000741500000| Untracked 
|  82|0x0000000741600000, 0x0000000741600000, 0x0000000741700000|  0%| F|  |TAMS 0x0000000741600000, 0x0000000741600000| Untracked 
|  83|0x0000000741700000, 0x0000000741700000, 0x0000000741800000|  0%| F|  |TAMS 0x0000000741700000, 0x0000000741700000| Untracked 
|  84|0x0000000741800000, 0x0000000741800000, 0x0000000741900000|  0%| F|  |TAMS 0x0000000741800000, 0x0000000741800000| Untracked 
|  85|0x0000000741900000, 0x0000000741900000, 0x0000000741a00000|  0%| F|  |TAMS 0x0000000741900000, 0x0000000741900000| Untracked 
|  86|0x0000000741a00000, 0x0000000741a00000, 0x0000000741b00000|  0%| F|  |TAMS 0x0000000741a00000, 0x0000000741a00000| Untracked 
|  87|0x0000000741b00000, 0x0000000741b00000, 0x0000000741c00000|  0%| F|  |TAMS 0x0000000741b00000, 0x0000000741b00000| Untracked 
|  88|0x0000000741c00000, 0x0000000741c00000, 0x0000000741d00000|  0%| F|  |TAMS 0x0000000741c00000, 0x0000000741c00000| Untracked 
|  89|0x0000000741d00000, 0x0000000741d00000, 0x0000000741e00000|  0%| F|  |TAMS 0x0000000741d00000, 0x0000000741d00000| Untracked 
|  90|0x0000000741e00000, 0x0000000741e00000, 0x0000000741f00000|  0%| F|  |TAMS 0x0000000741e00000, 0x0000000741e00000| Untracked 
|  91|0x0000000741f00000, 0x0000000741f00000, 0x0000000742000000|  0%| F|  |TAMS 0x0000000741f00000, 0x0000000741f00000| Untracked 
|  92|0x0000000742000000, 0x0000000742000000, 0x0000000742100000|  0%| F|  |TAMS 0x0000000742000000, 0x0000000742000000| Untracked 
|  93|0x0000000742100000, 0x0000000742100000, 0x0000000742200000|  0%| F|  |TAMS 0x0000000742100000, 0x0000000742100000| Untracked 
|  94|0x0000000742200000, 0x0000000742200000, 0x0000000742300000|  0%| F|  |TAMS 0x0000000742200000, 0x0000000742200000| Untracked 
|  95|0x0000000742300000, 0x0000000742300000, 0x0000000742400000|  0%| F|  |TAMS 0x0000000742300000, 0x0000000742300000| Untracked 
|  96|0x0000000742400000, 0x0000000742400000, 0x0000000742500000|  0%| F|  |TAMS 0x0000000742400000, 0x0000000742400000| Untracked 
|  97|0x0000000742500000, 0x0000000742500000, 0x0000000742600000|  0%| F|  |TAMS 0x0000000742500000, 0x0000000742500000| Untracked 
|  98|0x0000000742600000, 0x0000000742600000, 0x0000000742700000|  0%| F|  |TAMS 0x0000000742600000, 0x0000000742600000| Untracked 
|  99|0x0000000742700000, 0x0000000742700000, 0x0000000742800000|  0%| F|  |TAMS 0x0000000742700000, 0x0000000742700000| Untracked 
| 100|0x0000000742800000, 0x0000000742800000, 0x0000000742900000|  0%| F|  |TAMS 0x0000000742800000, 0x0000000742800000| Untracked 
| 101|0x0000000742900000, 0x0000000742900000, 0x0000000742a00000|  0%| F|  |TAMS 0x0000000742900000, 0x0000000742900000| Untracked 
| 102|0x0000000742a00000, 0x0000000742a00000, 0x0000000742b00000|  0%| F|  |TAMS 0x0000000742a00000, 0x0000000742a00000| Untracked 
| 103|0x0000000742b00000, 0x0000000742b00000, 0x0000000742c00000|  0%| F|  |TAMS 0x0000000742b00000, 0x0000000742b00000| Untracked 
| 104|0x0000000742c00000, 0x0000000742c00000, 0x0000000742d00000|  0%| F|  |TAMS 0x0000000742c00000, 0x0000000742c00000| Untracked 
| 105|0x0000000742d00000, 0x0000000742d00000, 0x0000000742e00000|  0%| F|  |TAMS 0x0000000742d00000, 0x0000000742d00000| Untracked 
| 106|0x0000000742e00000, 0x0000000742e00000, 0x0000000742f00000|  0%| F|  |TAMS 0x0000000742e00000, 0x0000000742e00000| Untracked 
| 107|0x0000000742f00000, 0x0000000742f00000, 0x0000000743000000|  0%| F|  |TAMS 0x0000000742f00000, 0x0000000742f00000| Untracked 
| 108|0x0000000743000000, 0x0000000743000000, 0x0000000743100000|  0%| F|  |TAMS 0x0000000743000000, 0x0000000743000000| Untracked 
| 109|0x0000000743100000, 0x0000000743100000, 0x0000000743200000|  0%| F|  |TAMS 0x0000000743100000, 0x0000000743100000| Untracked 
| 110|0x0000000743200000, 0x0000000743200000, 0x0000000743300000|  0%| F|  |TAMS 0x0000000743200000, 0x0000000743200000| Untracked 
| 111|0x0000000743300000, 0x0000000743300000, 0x0000000743400000|  0%| F|  |TAMS 0x0000000743300000, 0x0000000743300000| Untracked 
| 112|0x0000000743400000, 0x0000000743400000, 0x0000000743500000|  0%| F|  |TAMS 0x0000000743400000, 0x0000000743400000| Untracked 
| 113|0x0000000743500000, 0x0000000743500000, 0x0000000743600000|  0%| F|  |TAMS 0x0000000743500000, 0x0000000743500000| Untracked 
| 114|0x0000000743600000, 0x0000000743600000, 0x0000000743700000|  0%| F|  |TAMS 0x0000000743600000, 0x0000000743600000| Untracked 
| 115|0x0000000743700000, 0x0000000743700000, 0x0000000743800000|  0%| F|  |TAMS 0x0000000743700000, 0x0000000743700000| Untracked 
| 116|0x0000000743800000, 0x0000000743800000, 0x0000000743900000|  0%| F|  |TAMS 0x0000000743800000, 0x0000000743800000| Untracked 
| 117|0x0000000743900000, 0x0000000743900000, 0x0000000743a00000|  0%| F|  |TAMS 0x0000000743900000, 0x0000000743900000| Untracked 
| 118|0x0000000743a00000, 0x0000000743a00000, 0x0000000743b00000|  0%| F|  |TAMS 0x0000000743a00000, 0x0000000743a00000| Untracked 
| 119|0x0000000743b00000, 0x0000000743b00000, 0x0000000743c00000|  0%| F|  |TAMS 0x0000000743b00000, 0x0000000743b00000| Untracked 
| 120|0x0000000743c00000, 0x0000000743c00000, 0x0000000743d00000|  0%| F|  |TAMS 0x0000000743c00000, 0x0000000743c00000| Untracked 
| 121|0x0000000743d00000, 0x0000000743d00000, 0x0000000743e00000|  0%| F|  |TAMS 0x0000000743d00000, 0x0000000743d00000| Untracked 
| 122|0x0000000743e00000, 0x0000000743e00000, 0x0000000743f00000|  0%| F|  |TAMS 0x0000000743e00000, 0x0000000743e00000| Untracked 
| 123|0x0000000743f00000, 0x0000000743f00000, 0x0000000744000000|  0%| F|  |TAMS 0x0000000743f00000, 0x0000000743f00000| Untracked 
| 124|0x0000000744000000, 0x0000000744000000, 0x0000000744100000|  0%| F|  |TAMS 0x0000000744000000, 0x0000000744000000| Untracked 
| 125|0x0000000744100000, 0x0000000744100000, 0x0000000744200000|  0%| F|  |TAMS 0x0000000744100000, 0x0000000744100000| Untracked 
| 126|0x0000000744200000, 0x0000000744200000, 0x0000000744300000|  0%| F|  |TAMS 0x0000000744200000, 0x0000000744200000| Untracked 
| 127|0x0000000744300000, 0x0000000744300000, 0x0000000744400000|  0%| F|  |TAMS 0x0000000744300000, 0x0000000744300000| Untracked 
| 128|0x0000000744400000, 0x0000000744400000, 0x0000000744500000|  0%| F|  |TAMS 0x0000000744400000, 0x0000000744400000| Untracked 
| 129|0x0000000744500000, 0x0000000744500000, 0x0000000744600000|  0%| F|  |TAMS 0x0000000744500000, 0x0000000744500000| Untracked 
| 130|0x0000000744600000, 0x0000000744600000, 0x0000000744700000|  0%| F|  |TAMS 0x0000000744600000, 0x0000000744600000| Untracked 
| 131|0x0000000744700000, 0x0000000744700000, 0x0000000744800000|  0%| F|  |TAMS 0x0000000744700000, 0x0000000744700000| Untracked 
| 132|0x0000000744800000, 0x0000000744800000, 0x0000000744900000|  0%| F|  |TAMS 0x0000000744800000, 0x0000000744800000| Untracked 
| 133|0x0000000744900000, 0x0000000744900000, 0x0000000744a00000|  0%| F|  |TAMS 0x0000000744900000, 0x0000000744900000| Untracked 
| 134|0x0000000744a00000, 0x0000000744a00000, 0x0000000744b00000|  0%| F|  |TAMS 0x0000000744a00000, 0x0000000744a00000| Untracked 
| 135|0x0000000744b00000, 0x0000000744b00000, 0x0000000744c00000|  0%| F|  |TAMS 0x0000000744b00000, 0x0000000744b00000| Untracked 
| 136|0x0000000744c00000, 0x0000000744c00000, 0x0000000744d00000|  0%| F|  |TAMS 0x0000000744c00000, 0x0000000744c00000| Untracked 
| 137|0x0000000744d00000, 0x0000000744d00000, 0x0000000744e00000|  0%| F|  |TAMS 0x0000000744d00000, 0x0000000744d00000| Untracked 
| 138|0x0000000744e00000, 0x0000000744e00000, 0x0000000744f00000|  0%| F|  |TAMS 0x0000000744e00000, 0x0000000744e00000| Untracked 
| 139|0x0000000744f00000, 0x0000000744f00000, 0x0000000745000000|  0%| F|  |TAMS 0x0000000744f00000, 0x0000000744f00000| Untracked 
| 140|0x0000000745000000, 0x0000000745000000, 0x0000000745100000|  0%| F|  |TAMS 0x0000000745000000, 0x0000000745000000| Untracked 
| 141|0x0000000745100000, 0x0000000745100000, 0x0000000745200000|  0%| F|  |TAMS 0x0000000745100000, 0x0000000745100000| Untracked 
| 142|0x0000000745200000, 0x0000000745200000, 0x0000000745300000|  0%| F|  |TAMS 0x0000000745200000, 0x0000000745200000| Untracked 
| 143|0x0000000745300000, 0x0000000745300000, 0x0000000745400000|  0%| F|  |TAMS 0x0000000745300000, 0x0000000745300000| Untracked 
| 144|0x0000000745400000, 0x0000000745400000, 0x0000000745500000|  0%| F|  |TAMS 0x0000000745400000, 0x0000000745400000| Untracked 
| 145|0x0000000745500000, 0x0000000745500000, 0x0000000745600000|  0%| F|  |TAMS 0x0000000745500000, 0x0000000745500000| Untracked 
| 146|0x0000000745600000, 0x0000000745600000, 0x0000000745700000|  0%| F|  |TAMS 0x0000000745600000, 0x0000000745600000| Untracked 
| 147|0x0000000745700000, 0x0000000745700000, 0x0000000745800000|  0%| F|  |TAMS 0x0000000745700000, 0x0000000745700000| Untracked 
| 148|0x0000000745800000, 0x0000000745800000, 0x0000000745900000|  0%| F|  |TAMS 0x0000000745800000, 0x0000000745800000| Untracked 
| 149|0x0000000745900000, 0x0000000745900000, 0x0000000745a00000|  0%| F|  |TAMS 0x0000000745900000, 0x0000000745900000| Untracked 
| 150|0x0000000745a00000, 0x0000000745a00000, 0x0000000745b00000|  0%| F|  |TAMS 0x0000000745a00000, 0x0000000745a00000| Untracked 
| 151|0x0000000745b00000, 0x0000000745b00000, 0x0000000745c00000|  0%| F|  |TAMS 0x0000000745b00000, 0x0000000745b00000| Untracked 
| 152|0x0000000745c00000, 0x0000000745c00000, 0x0000000745d00000|  0%| F|  |TAMS 0x0000000745c00000, 0x0000000745c00000| Untracked 
| 153|0x0000000745d00000, 0x0000000745d00000, 0x0000000745e00000|  0%| F|  |TAMS 0x0000000745d00000, 0x0000000745d00000| Untracked 
| 154|0x0000000745e00000, 0x0000000745e00000, 0x0000000745f00000|  0%| F|  |TAMS 0x0000000745e00000, 0x0000000745e00000| Untracked 
| 155|0x0000000745f00000, 0x0000000745f00000, 0x0000000746000000|  0%| F|  |TAMS 0x0000000745f00000, 0x0000000745f00000| Untracked 
| 156|0x0000000746000000, 0x0000000746000000, 0x0000000746100000|  0%| F|  |TAMS 0x0000000746000000, 0x0000000746000000| Untracked 
| 157|0x0000000746100000, 0x0000000746100000, 0x0000000746200000|  0%| F|  |TAMS 0x0000000746100000, 0x0000000746100000| Untracked 
| 158|0x0000000746200000, 0x0000000746200000, 0x0000000746300000|  0%| F|  |TAMS 0x0000000746200000, 0x0000000746200000| Untracked 
| 159|0x0000000746300000, 0x0000000746300000, 0x0000000746400000|  0%| F|  |TAMS 0x0000000746300000, 0x0000000746300000| Untracked 
| 160|0x0000000746400000, 0x0000000746400000, 0x0000000746500000|  0%| F|  |TAMS 0x0000000746400000, 0x0000000746400000| Untracked 
| 161|0x0000000746500000, 0x0000000746500000, 0x0000000746600000|  0%| F|  |TAMS 0x0000000746500000, 0x0000000746500000| Untracked 
| 162|0x0000000746600000, 0x0000000746600000, 0x0000000746700000|  0%| F|  |TAMS 0x0000000746600000, 0x0000000746600000| Untracked 
| 163|0x0000000746700000, 0x0000000746700000, 0x0000000746800000|  0%| F|  |TAMS 0x0000000746700000, 0x0000000746700000| Untracked 
| 164|0x0000000746800000, 0x0000000746800000, 0x0000000746900000|  0%| F|  |TAMS 0x0000000746800000, 0x0000000746800000| Untracked 
| 165|0x0000000746900000, 0x0000000746900000, 0x0000000746a00000|  0%| F|  |TAMS 0x0000000746900000, 0x0000000746900000| Untracked 
| 166|0x0000000746a00000, 0x0000000746a00000, 0x0000000746b00000|  0%| F|  |TAMS 0x0000000746a00000, 0x0000000746a00000| Untracked 
| 167|0x0000000746b00000, 0x0000000746b00000, 0x0000000746c00000|  0%| F|  |TAMS 0x0000000746b00000, 0x0000000746b00000| Untracked 
| 168|0x0000000746c00000, 0x0000000746c00000, 0x0000000746d00000|  0%| F|  |TAMS 0x0000000746c00000, 0x0000000746c00000| Untracked 
| 169|0x0000000746d00000, 0x0000000746d00000, 0x0000000746e00000|  0%| F|  |TAMS 0x0000000746d00000, 0x0000000746d00000| Untracked 
| 170|0x0000000746e00000, 0x0000000746e00000, 0x0000000746f00000|  0%| F|  |TAMS 0x0000000746e00000, 0x0000000746e00000| Untracked 
| 171|0x0000000746f00000, 0x0000000746f00000, 0x0000000747000000|  0%| F|  |TAMS 0x0000000746f00000, 0x0000000746f00000| Untracked 
| 172|0x0000000747000000, 0x0000000747000000, 0x0000000747100000|  0%| F|  |TAMS 0x0000000747000000, 0x0000000747000000| Untracked 
| 173|0x0000000747100000, 0x0000000747100000, 0x0000000747200000|  0%| F|  |TAMS 0x0000000747100000, 0x0000000747100000| Untracked 
| 174|0x0000000747200000, 0x0000000747200000, 0x0000000747300000|  0%| F|  |TAMS 0x0000000747200000, 0x0000000747200000| Untracked 
| 175|0x0000000747300000, 0x0000000747300000, 0x0000000747400000|  0%| F|  |TAMS 0x0000000747300000, 0x0000000747300000| Untracked 
| 176|0x0000000747400000, 0x0000000747400000, 0x0000000747500000|  0%| F|  |TAMS 0x0000000747400000, 0x0000000747400000| Untracked 
| 177|0x0000000747500000, 0x0000000747500000, 0x0000000747600000|  0%| F|  |TAMS 0x0000000747500000, 0x0000000747500000| Untracked 
| 178|0x0000000747600000, 0x0000000747600000, 0x0000000747700000|  0%| F|  |TAMS 0x0000000747600000, 0x0000000747600000| Untracked 
| 179|0x0000000747700000, 0x0000000747700000, 0x0000000747800000|  0%| F|  |TAMS 0x0000000747700000, 0x0000000747700000| Untracked 
| 180|0x0000000747800000, 0x00000007478c5f60, 0x0000000747900000| 77%| S|CS|TAMS 0x0000000747800000, 0x0000000747800000| Complete 
| 181|0x0000000747900000, 0x0000000747a00000, 0x0000000747a00000|100%| S|CS|TAMS 0x0000000747900000, 0x0000000747900000| Complete 
| 182|0x0000000747a00000, 0x0000000747a00000, 0x0000000747b00000|  0%| F|  |TAMS 0x0000000747a00000, 0x0000000747a00000| Untracked 
| 183|0x0000000747b00000, 0x0000000747c00000, 0x0000000747c00000|100%| E|  |TAMS 0x0000000747b00000, 0x0000000747b00000| Complete 
| 184|0x0000000747c00000, 0x0000000747d00000, 0x0000000747d00000|100%| E|CS|TAMS 0x0000000747c00000, 0x0000000747c00000| Complete 
| 185|0x0000000747d00000, 0x0000000747e00000, 0x0000000747e00000|100%| E|CS|TAMS 0x0000000747d00000, 0x0000000747d00000| Complete 
| 186|0x0000000747e00000, 0x0000000747f00000, 0x0000000747f00000|100%| E|CS|TAMS 0x0000000747e00000, 0x0000000747e00000| Complete 
| 187|0x0000000747f00000, 0x0000000748000000, 0x0000000748000000|100%| E|CS|TAMS 0x0000000747f00000, 0x0000000747f00000| Complete 
| 188|0x0000000748000000, 0x0000000748100000, 0x0000000748100000|100%| E|CS|TAMS 0x0000000748000000, 0x0000000748000000| Complete 
| 189|0x0000000748100000, 0x0000000748200000, 0x0000000748200000|100%| E|CS|TAMS 0x0000000748100000, 0x0000000748100000| Complete 
| 190|0x0000000748200000, 0x0000000748300000, 0x0000000748300000|100%| E|CS|TAMS 0x0000000748200000, 0x0000000748200000| Complete 
| 191|0x0000000748300000, 0x0000000748400000, 0x0000000748400000|100%| E|CS|TAMS 0x0000000748300000, 0x0000000748300000| Complete 
| 192|0x0000000748400000, 0x0000000748500000, 0x0000000748500000|100%| E|CS|TAMS 0x0000000748400000, 0x0000000748400000| Complete 
| 193|0x0000000748500000, 0x0000000748600000, 0x0000000748600000|100%| E|CS|TAMS 0x0000000748500000, 0x0000000748500000| Complete 
| 194|0x0000000748600000, 0x0000000748700000, 0x0000000748700000|100%| E|CS|TAMS 0x0000000748600000, 0x0000000748600000| Complete 
| 195|0x0000000748700000, 0x0000000748800000, 0x0000000748800000|100%| E|CS|TAMS 0x0000000748700000, 0x0000000748700000| Complete 
|2106|0x00000007bfe00000, 0x00000007bfe48000, 0x00000007bff00000| 28%|OA|  |TAMS 0x00000007bfe00000, 0x00000007bfe00000| Untracked 
|2107|0x00000007bff00000, 0x00000007bff6b000, 0x00000007c0000000| 41%|CA|  |TAMS 0x00000007bff00000, 0x00000007bff00000| Untracked 

Card table byte_map: [0x00007fc795f82000,0x00007fc7965a0000] _byte_map_base: 0x00007fc7925a0000

Marking Bits (Prev, Next): (CMBitMap*) 0x000056393939fb08, (CMBitMap*) 0x000056393939fb40
 Prev Bits: [0x00007fc78cf10000, 0x00007fc790000000)
 Next Bits: [0x00007fc789e20000, 0x00007fc78cf10000)

Polling page: 0x00007fc7c1d2c000

Metaspace:

Usage:
  Non-class:      9.33 MB capacity,     9.12 MB ( 98%) used,   177.77 KB (  2%) free+waste,    31.25 KB ( <1%) overhead. 
      Class:      1.41 MB capacity,     1.25 MB ( 89%) used,   144.80 KB ( 10%) free+waste,    16.88 KB (  1%) overhead. 
       Both:     10.73 MB capacity,    10.37 MB ( 97%) used,   322.56 KB (  3%) free+waste,    48.12 KB ( <1%) overhead. 

Virtual space:
  Non-class space:       10.00 MB reserved,       9.50 MB ( 95%) committed 
      Class space:        1.00 GB reserved,       1.50 MB ( <1%) committed 
             Both:        1.01 GB reserved,      11.00 MB (  1%) committed 

Chunk freelists:
   Non-Class:  53.00 KB
       Class:  0 bytes
        Both:  53.00 KB

MaxMetaspaceSize: unlimited
CompressedClassSpaceSize: 1.00 GB
Initial GC threshold: 20.80 MB
Current GC threshold: 20.80 MB
CDS: on

CodeHeap 'non-profiled nmethods': size=120032Kb used=480Kb max_used=480Kb free=119552Kb
 bounds [0x00007fc79e96a000, 0x00007fc79ebda000, 0x00007fc7a5ea2000]
CodeHeap 'profiled nmethods': size=120032Kb used=2577Kb max_used=2577Kb free=117454Kb
 bounds [0x00007fc797432000, 0x00007fc7976c2000, 0x00007fc79e96a000]
CodeHeap 'non-nmethods': size=5696Kb used=1206Kb max_used=1233Kb free=4489Kb
 bounds [0x00007fc796ea2000, 0x00007fc797112000, 0x00007fc797432000]
 total_blobs=1879 nmethods=1404 adapters=388
 compilation: enabled
              stopped_count=0, restarted_count=0
 full_count=0

Compilation events (20 events):
Event: 1.391 Thread 0x00005639399bc000 nmethod 1399 0x00007fc7976b0d90 code [0x00007fc7976b0fa0, 0x00007fc7976b1870]
Event: 1.391 Thread 0x00005639399bc000 1400   !   3       com.sun.jmx.mbeanserver.Introspector::descriptorForAnnotations (242 bytes)
Event: 1.392 Thread 0x00005639399ba000 1401       4       java.lang.String::startsWith (7 bytes)
Event: 1.393 Thread 0x00005639399bc000 nmethod 1400 0x00007fc7976b1c10 code [0x00007fc7976b2040, 0x00007fc7976b3fc0]
Event: 1.395 Thread 0x00005639399bc000 1402   !   3       org.apache.logging.log4j.util.PropertiesUtil$Environment::hasSystemProperty (11 bytes)
Event: 1.395 Thread 0x00005639399ba000 nmethod 1401 0x00007fc79e9db310 code [0x00007fc79e9db4a0, 0x00007fc79e9db6b8]
Event: 1.396 Thread 0x00005639399bc000 nmethod 1402 0x00007fc7976b4d10 code [0x00007fc7976b4f00, 0x00007fc7976b53f0]
Event: 1.396 Thread 0x00005639399bc000 1403       3       java.util.Properties::containsKey (9 bytes)
Event: 1.396 Thread 0x00005639399bc000 nmethod 1403 0x00007fc7976b5610 code [0x00007fc7976b57e0, 0x00007fc7976b5a00]
Event: 1.414 Thread 0x00007fc758085800 nmethod 1248 0x00007fc79e9db890 code [0x00007fc79e9dbca0, 0x00007fc79e9df8e0]
Event: 3.329 Thread 0x00005639399bc000 1404       3       java.util.HashMap$HashIterator::<init> (79 bytes)
Event: 3.330 Thread 0x00005639399bc000 nmethod 1404 0x00007fc7976b5b10 code [0x00007fc7976b5ce0, 0x00007fc7976b6130]
Event: 3.330 Thread 0x00005639399bc000 1405       3       java.util.Formatter$Flags::contains (22 bytes)
Event: 3.330 Thread 0x00005639399bc000 nmethod 1405 0x00007fc7976b6290 code [0x00007fc7976b6440, 0x00007fc7976b6610]
Event: 3.330 Thread 0x00005639399bc000 1407       1       java.util.concurrent.locks.AbstractOwnableSynchronizer::getExclusiveOwnerThread (5 bytes)
Event: 3.330 Thread 0x00005639399bc000 nmethod 1407 0x00007fc79e9e1710 code [0x00007fc79e9e18c0, 0x00007fc79e9e1990]
Event: 3.330 Thread 0x00005639399bc000 1408       1       java.util.concurrent.locks.AbstractQueuedSynchronizer::setState (6 bytes)
Event: 3.330 Thread 0x00005639399bc000 nmethod 1408 0x00007fc79e9e1a10 code [0x00007fc79e9e1bc0, 0x00007fc79e9e1c90]
Event: 3.330 Thread 0x00005639399bc000 1406       1       javax.management.ObjectName$Property::setKeyIndex (6 bytes)
Event: 3.330 Thread 0x00005639399bc000 nmethod 1406 0x00007fc79e9e1d10 code [0x00007fc79e9e1ec0, 0x00007fc79e9e1f90]

GC Heap History (2 events):
Event: 0.866 GC heap before
{Heap before GC invocations=0 (full 0):
 garbage-first heap   total 202752K, used 18124K [0x000000073c400000, 0x0000000800000000)
  region size 1024K, 14 young (14336K), 0 survivors (0K)
 Metaspace       used 5322K, capacity 7780K, committed 7936K, reserved 1056768K
  class space    used 652K, capacity 916K, committed 1024K, reserved 1048576K
}
Event: 0.876 GC heap after
{Heap after GC invocations=1 (full 0):
 garbage-first heap   total 202752K, used 6627K [0x000000073c400000, 0x0000000800000000)
  region size 1024K, 2 young (2048K), 2 survivors (2048K)
 Metaspace       used 5322K, capacity 7780K, committed 7936K, reserved 1056768K
  class space    used 652K, capacity 916K, committed 1024K, reserved 1048576K
}

Deoptimization events (20 events):
Event: 1.207 Thread 0x0000563938f56000 Uncommon trap: trap_request=0xffffff4d fr.pc=0x00007fc79e9a4524 relative=0x0000000000000164
Event: 1.207 Thread 0x0000563938f56000 Uncommon trap: reason=unstable_if action=reinterpret pc=0x00007fc79e9a4524 method=java.util.HashMap.getNode(ILjava/lang/Object;)Ljava/util/HashMap$Node; @ 129 c2
Event: 1.207 Thread 0x0000563938f56000 DEOPT PACKING pc=0x00007fc79e9a4524 sp=0x00007ffd6ca7e470
Event: 1.207 Thread 0x0000563938f56000 DEOPT UNPACKING pc=0x00007fc796eebea5 sp=0x00007ffd6ca7e400 mode 2
Event: 1.210 Thread 0x0000563938f56000 Uncommon trap: trap_request=0xffffff4d fr.pc=0x00007fc79e9a0c48 relative=0x00000000000000a8
Event: 1.210 Thread 0x0000563938f56000 Uncommon trap: reason=unstable_if action=reinterpret pc=0x00007fc79e9a0c48 method=sun.reflect.generics.parser.SignatureParser.current()C @ 39 c2
Event: 1.210 Thread 0x0000563938f56000 DEOPT PACKING pc=0x00007fc79e9a0c48 sp=0x00007ffd6ca7f860
Event: 1.210 Thread 0x0000563938f56000 DEOPT UNPACKING pc=0x00007fc796eebea5 sp=0x00007ffd6ca7f818 mode 2
Event: 1.245 Thread 0x0000563938f56000 Uncommon trap: trap_request=0xffffff4d fr.pc=0x00007fc79e9aa404 relative=0x0000000000000164
Event: 1.245 Thread 0x0000563938f56000 Uncommon trap: reason=unstable_if action=reinterpret pc=0x00007fc79e9aa404 method=sun.util.locale.LocaleUtils.caseIgnoreMatch(Ljava/lang/String;Ljava/lang/String;)Z @ 60 c2
Event: 1.245 Thread 0x0000563938f56000 DEOPT PACKING pc=0x00007fc79e9aa404 sp=0x00007ffd6ca7f000
Event: 1.245 Thread 0x0000563938f56000 DEOPT UNPACKING pc=0x00007fc796eebea5 sp=0x00007ffd6ca7efa8 mode 2
Event: 1.268 Thread 0x0000563938f56000 Uncommon trap: trap_request=0xffffff4d fr.pc=0x00007fc79e9c26cc relative=0x000000000000018c
Event: 1.268 Thread 0x0000563938f56000 Uncommon trap: reason=unstable_if action=reinterpret pc=0x00007fc79e9c26cc method=java.util.HashMap.getNode(ILjava/lang/Object;)Ljava/util/HashMap$Node; @ 129 c2
Event: 1.268 Thread 0x0000563938f56000 DEOPT PACKING pc=0x00007fc79e9c26cc sp=0x00007ffd6ca7e450
Event: 1.268 Thread 0x0000563938f56000 DEOPT UNPACKING pc=0x00007fc796eebea5 sp=0x00007ffd6ca7e370 mode 2
Event: 1.335 Thread 0x0000563938f56000 Uncommon trap: trap_request=0xffffff4d fr.pc=0x00007fc79e9b9538 relative=0x0000000000000498
Event: 1.335 Thread 0x0000563938f56000 Uncommon trap: reason=unstable_if action=reinterpret pc=0x00007fc79e9b9538 method=jdk.internal.org.objectweb.asm.Type.getArgumentsAndReturnSizes(Ljava/lang/String;)I @ 47 c2
Event: 1.335 Thread 0x0000563938f56000 DEOPT PACKING pc=0x00007fc79e9b9538 sp=0x00007ffd6ca7f010
Event: 1.335 Thread 0x0000563938f56000 DEOPT UNPACKING pc=0x00007fc796eebea5 sp=0x00007ffd6ca7efc0 mode 2

Classes redefined (0 events):
No events

Internal exceptions (20 events):
Event: 0.762 Thread 0x0000563938f56000 Exception <a 'java/lang/NoSuchMethodError'{0x0000000747e52c70}: 'java.lang.Object java.lang.invoke.Invokers$Holder.linkToTargetMethod(java.lang.Object, java.lang.Object, int, int, java.lang.Object, java.lang.Object)'> (0x0000000747e52c70) thrown at [src/hotspot/share/interpreter/linkResolver.cpp, line 772]
Event: 0.948 Thread 0x0000563938f56000 Implicit null exception at 0x00007fc79e995284 to 0x00007fc79e99578c
Event: 0.949 Thread 0x0000563938f56000 Implicit null exception at 0x00007fc79e999e04 to 0x00007fc79e99a2e8
Event: 0.983 Thread 0x0000563938f56000 Exception <a 'java/lang/NoSuchMethodError'{0x00000007483f7438}: 'java.lang.Object java.lang.invoke.DirectMethodHandle$Holder.invokeStatic(java.lang.Object, java.lang.Object, java.lang.Object, java.lang.Object, java.lang.Object, java.lang.Object, java.lang.Object, java.lang.Object, java.lang.Object, java.lang.Object, java.lang.Object, java.lang.Object, java.lang.Object, java.lang.Object, java.lang.Object)'> (0x00000007483f7438) thrown at [src/hotspot/share/interpreter/linkResolver.cpp, line 772]
Event: 0.999 Thread 0x0000563938f56000 Exception <a 'java/lang/NoSuchMethodError'{0x0000000748205710}: 'java.lang.Object java.lang.invoke.DirectMethodHandle$Holder.invokeStatic(java.lang.Object, java.lang.Object, java.lang.Object, java.lang.Object, java.lang.Object, java.lang.Object, java.lang.Object, java.lang.Object, java.lang.Object, java.lang.Object, java.lang.Object, java.lang.Object, java.lang.Object, java.lang.Object, java.lang.Object, java.lang.Object)'> (0x0000000748205710) thrown at [src/hotspot/share/interpreter/linkResolver.cpp, lin
Event: 1.010 Thread 0x0000563938f56000 Exception <a 'java/lang/NoSuchMethodError'{0x0000000748213380}: 'java.lang.Object java.lang.invoke.DirectMethodHandle$Holder.invokeSpecial(java.lang.Object, java.lang.Object, int, int, java.lang.Object, java.lang.Object, java.lang.Object)'> (0x0000000748213380) thrown at [src/hotspot/share/interpreter/linkResolver.cpp, line 772]
Event: 1.011 Thread 0x0000563938f56000 Exception <a 'java/lang/NoSuchMethodError'{0x0000000748216910}: 'java.lang.Object java.lang.invoke.DelegatingMethodHandle$Holder.reinvoke_L(java.lang.Object, int, int, java.lang.Object, java.lang.Object, java.lang.Object)'> (0x0000000748216910) thrown at [src/hotspot/share/interpreter/linkResolver.cpp, line 772]
Event: 1.011 Thread 0x0000563938f56000 Exception <a 'java/lang/NoSuchMethodError'{0x000000074821ac98}: 'java.lang.Object java.lang.invoke.DirectMethodHandle$Holder.invokeStatic(java.lang.Object, java.lang.Object, java.lang.Object, java.lang.Object, int)'> (0x000000074821ac98) thrown at [src/hotspot/share/interpreter/linkResolver.cpp, line 772]
Event: 1.027 Thread 0x0000563938f56000 Exception <a 'java/lang/NoSuchMethodError'{0x0000000748245d40}: 'java.lang.Object java.lang.invoke.DirectMethodHandle$Holder.invokeStatic(java.lang.Object, java.lang.Object, java.lang.Object, java.lang.Object, int, int, java.lang.Object)'> (0x0000000748245d40) thrown at [src/hotspot/share/interpreter/linkResolver.cpp, line 772]
Event: 1.133 Thread 0x0000563938f56000 Exception <a 'java/lang/NoSuchMethodError'{0x0000000748199d08}: 'java.lang.Object java.lang.invoke.DirectMethodHandle$Holder.invokeStatic(java.lang.Object, java.lang.Object, java.lang.Object, java.lang.Object, java.lang.Object, java.lang.Object, java.lang.Object, java.lang.Object, java.lang.Object, java.lang.Object, java.lang.Object, int)'> (0x0000000748199d08) thrown at [src/hotspot/share/interpreter/linkResolver.cpp, line 772]
Event: 1.135 Thread 0x0000563938f56000 Exception <a 'java/lang/NoSuchMethodError'{0x00000007481b79e8}: 'java.lang.Object java.lang.invoke.DirectMethodHandle$Holder.invokeStatic(java.lang.Object, java.lang.Object, java.lang.Object, java.lang.Object, java.lang.Object, java.lang.Object, java.lang.Object, java.lang.Object, java.lang.Object, java.lang.Object, java.lang.Object, int, int)'> (0x00000007481b79e8) thrown at [src/hotspot/share/interpreter/linkResolver.cpp, line 772]
Event: 1.136 Thread 0x0000563938f56000 Exception <a 'java/lang/NoSuchMethodError'{0x00000007481d6778}: 'java.lang.Object java.lang.invoke.DirectMethodHandle$Holder.invokeStatic(java.lang.Object, java.lang.Object, java.lang.Object, java.lang.Object, java.lang.Object, java.lang.Object, java.lang.Object, java.lang.Object, java.lang.Object, java.lang.Object, java.lang.Object, int, int, java.lang.Object)'> (0x00000007481d6778) thrown at [src/hotspot/share/interpreter/linkResolver.cpp, line 772]
Event: 1.150 Thread 0x0000563938f56000 Exception <a 'java/lang/NoSuchMethodError'{0x00000007481f6b90}: 'java.lang.Object java.lang.invoke.DirectMethodHandle$Holder.invokeStatic(java.lang.Object, java.lang.Object, java.lang.Object, java.lang.Object, java.lang.Object, java.lang.Object, java.lang.Object, java.lang.Object, java.lang.Object, java.lang.Object, java.lang.Object, int, int, java.lang.Object, java.lang.Object)'> (0x00000007481f6b90) thrown at [src/hotspot/share/interpreter/linkResolver.cpp, line 772]
Event: 1.178 Thread 0x0000563938f56000 Exception <a 'java/lang/NoSuchMethodError'{0x000000074803ff68}: 'int java.lang.invoke.DirectMethodHandle$Holder.invokeStatic(java.lang.Object, java.lang.Object, java.lang.Object, java.lang.Object, java.lang.Object)'> (0x000000074803ff68) thrown at [src/hotspot/share/interpreter/linkResolver.cpp, line 772]
Event: 1.246 Thread 0x0000563938f56000 Exception <a 'java/lang/NoSuchMethodError'{0x0000000747f95860}: 'int java.lang.invoke.DirectMethodHandle$Holder.invokeStaticInit(java.lang.Object, java.lang.Object, java.lang.Object)'> (0x0000000747f95860) thrown at [src/hotspot/share/interpreter/linkResolver.cpp, line 772]
Event: 1.297 Thread 0x0000563938f56000 Exception <a 'java/lang/NoSuchMethodError'{0x0000000747e88090}: 'int java.lang.invoke.DirectMethodHandle$Holder.invokeInterface(java.lang.Object, java.lang.Object)'> (0x0000000747e88090) thrown at [src/hotspot/share/interpreter/linkResolver.cpp, line 772]
Event: 1.297 Thread 0x0000563938f56000 Exception <a 'java/lang/IncompatibleClassChangeError'{0x0000000747e8acf0}: Found class java.lang.Object, but interface was expected> (0x0000000747e8acf0) thrown at [src/hotspot/share/interpreter/linkResolver.cpp, line 839]
Event: 1.323 Thread 0x0000563938f56000 Exception <a 'java/lang/NoSuchMethodError'{0x0000000747d19ea8}: 'int java.lang.invoke.DirectMethodHandle$Holder.invokeSpecialIFC(java.lang.Object, java.lang.Object, int)'> (0x0000000747d19ea8) thrown at [src/hotspot/share/interpreter/linkResolver.cpp, line 772]
Event: 1.335 Thread 0x0000563938f56000 Exception <a 'java/lang/NoSuchMethodError'{0x0000000747d50080}: 'long java.lang.invoke.DirectMethodHandle$Holder.invokeStatic(java.lang.Object, java.lang.Object)'> (0x0000000747d50080) thrown at [src/hotspot/share/interpreter/linkResolver.cpp, line 772]
Event: 1.343 Thread 0x0000563938f56000 Exception <a 'java/lang/NoSuchMethodError'{0x0000000747d7c7e8}: 'void java.lang.invoke.DirectMethodHandle$Holder.invokeStatic(java.lang.Object, java.lang.Object, java.lang.Object, java.lang.Object, java.lang.Object)'> (0x0000000747d7c7e8) thrown at [src/hotspot/share/interpreter/linkResolver.cpp, line 772]

Events (20 events):
Event: 3.319 Executing VM operation: RevokeBias done
Event: 3.320 Thread 0x00007fc73c003000 Thread exited: 0x00007fc73c003000
Event: 3.320 Executing VM operation: RevokeBias
Event: 3.320 Executing VM operation: RevokeBias done
Event: 3.321 Executing VM operation: RevokeBias
Event: 3.321 Executing VM operation: RevokeBias done
Event: 3.321 loading class org/apache/logging/log4j/core/util/DefaultShutdownCallbackRegistry$RegisteredCancellable
Event: 3.321 loading class org/apache/logging/log4j/core/util/DefaultShutdownCallbackRegistry$RegisteredCancellable done
Event: 3.321 Executing VM operation: RevokeBias
Event: 3.321 Executing VM operation: RevokeBias done
Event: 3.322 Executing VM operation: RevokeBias
Event: 3.323 Executing VM operation: RevokeBias done
Event: 3.323 Executing VM operation: RevokeBias
Event: 3.323 Executing VM operation: RevokeBias done
Event: 3.323 Executing VM operation: RevokeBias
Event: 3.323 Executing VM operation: RevokeBias done
Event: 3.324 Thread 0x00007fc73c001800 Thread exited: 0x00007fc73c001800
Event: 3.329 Thread 0x00007fc758085800 Thread exited: 0x00007fc758085800
Event: 3.330 Thread 0x00005639399b6000 Thread exited: 0x00005639399b6000
Event: 3.330 Executing VM operation: Exit


Dynamic libraries:
73c400000-748800000 rw-p 00000000 00:00 0 
748800000-7bfe00000 ---p 00000000 00:00 0 
7bfe00000-7bfe48000 rw-p 00b0a000 08:30 162090                           /usr/lib/jvm/java-11-openjdk-amd64/lib/server/classes.jsa
7bfe48000-7bff00000 rw-p 00000000 00:00 0 
7bff00000-7bff6b000 rw-p 00a9f000 08:30 162090                           /usr/lib/jvm/java-11-openjdk-amd64/lib/server/classes.jsa
7bff6b000-7c0000000 rw-p 00000000 00:00 0 
7c0000000-800000000 ---p 00000000 00:00 0 
800000000-800002000 rwxp 00001000 08:30 162090                           /usr/lib/jvm/java-11-openjdk-amd64/lib/server/classes.jsa
800002000-8003cc000 rw-p 00003000 08:30 162090                           /usr/lib/jvm/java-11-openjdk-amd64/lib/server/classes.jsa
8003cc000-800a9d000 r--p 003cd000 08:30 162090                           /usr/lib/jvm/java-11-openjdk-amd64/lib/server/classes.jsa
800a9d000-800a9e000 rw-p 00a9e000 08:30 162090                           /usr/lib/jvm/java-11-openjdk-amd64/lib/server/classes.jsa
840000000-840180000 rw-p 00000000 00:00 0 
840180000-880000000 ---p 00000000 00:00 0 
5639370b0000-5639370b1000 r--p 00000000 08:30 401118                     /home/peng_luh/.pyenv/versions/3.9.5/bin/python3.9
5639370b1000-5639370b2000 r-xp 00001000 08:30 401118                     /home/peng_luh/.pyenv/versions/3.9.5/bin/python3.9
5639370b2000-5639370b3000 r--p 00002000 08:30 401118                     /home/peng_luh/.pyenv/versions/3.9.5/bin/python3.9
5639370b3000-5639370b4000 r--p 00002000 08:30 401118                     /home/peng_luh/.pyenv/versions/3.9.5/bin/python3.9
5639370b4000-5639370b5000 rw-p 00003000 08:30 401118                     /home/peng_luh/.pyenv/versions/3.9.5/bin/python3.9
563937a6c000-56393ea22000 rw-p 00000000 00:00 0                          [heap]
7fc698000000-7fc698021000 rw-p 00000000 00:00 0 
7fc698021000-7fc69c000000 ---p 00000000 00:00 0 
7fc69f7aa000-7fc69f7ea000 rw-p 00000000 00:00 0 
7fc69f7ea000-7fc69f83c000 r-xp 00000000 08:30 409845                     /home/peng_luh/__git/search_l3s/search_l3s_search_srv/.venv/lib/python3.9/site-packages/yaml/_yaml.cpython-39-x86_64-linux-gnu.so
7fc69f83c000-7fc69fa3b000 ---p 00052000 08:30 409845                     /home/peng_luh/__git/search_l3s/search_l3s_search_srv/.venv/lib/python3.9/site-packages/yaml/_yaml.cpython-39-x86_64-linux-gnu.so
7fc69fa3b000-7fc69fa3c000 r--p 00051000 08:30 409845                     /home/peng_luh/__git/search_l3s/search_l3s_search_srv/.venv/lib/python3.9/site-packages/yaml/_yaml.cpython-39-x86_64-linux-gnu.so
7fc69fa3c000-7fc69fa3f000 rw-p 00052000 08:30 409845                     /home/peng_luh/__git/search_l3s/search_l3s_search_srv/.venv/lib/python3.9/site-packages/yaml/_yaml.cpython-39-x86_64-linux-gnu.so
7fc69fa3f000-7fc6a0000000 rw-p 00000000 00:00 0 
7fc6a0000000-7fc6a0021000 rw-p 00000000 00:00 0 
7fc6a0021000-7fc6a4000000 ---p 00000000 00:00 0 
7fc6a4015000-7fc6a4215000 rw-p 00000000 00:00 0 
7fc6a4215000-7fc6a4219000 ---p 00000000 00:00 0 
7fc6a4219000-7fc6a4316000 rw-p 00000000 00:00 0 
7fc6a4316000-7fc6a431a000 ---p 00000000 00:00 0 
7fc6a431a000-7fc6a5a58000 rw-p 00000000 00:00 0 
7fc6a5a58000-7fc6a5a7a000 r--p 00000000 08:30 443810                     /home/peng_luh/__git/search_l3s/search_l3s_search_srv/.venv/lib/python3.9/site-packages/nvfuser/_C.cpython-39-x86_64-linux-gnu.so
7fc6a5a7a000-7fc6a5b1e000 r-xp 00022000 08:30 443810                     /home/peng_luh/__git/search_l3s/search_l3s_search_srv/.venv/lib/python3.9/site-packages/nvfuser/_C.cpython-39-x86_64-linux-gnu.so
7fc6a5b1e000-7fc6a5b48000 r--p 000c6000 08:30 443810                     /home/peng_luh/__git/search_l3s/search_l3s_search_srv/.venv/lib/python3.9/site-packages/nvfuser/_C.cpython-39-x86_64-linux-gnu.so
7fc6a5b48000-7fc6a5b49000 ---p 000f0000 08:30 443810                     /home/peng_luh/__git/search_l3s/search_l3s_search_srv/.venv/lib/python3.9/site-packages/nvfuser/_C.cpython-39-x86_64-linux-gnu.so
7fc6a5b49000-7fc6a5b4f000 r--p 000f0000 08:30 443810                     /home/peng_luh/__git/search_l3s/search_l3s_search_srv/.venv/lib/python3.9/site-packages/nvfuser/_C.cpython-39-x86_64-linux-gnu.so
7fc6a5b4f000-7fc6a5b50000 rw-p 000f6000 08:30 443810                     /home/peng_luh/__git/search_l3s/search_l3s_search_srv/.venv/lib/python3.9/site-packages/nvfuser/_C.cpython-39-x86_64-linux-gnu.so
7fc6a5b50000-7fc6a6010000 rw-p 00000000 00:00 0 
7fc6a6010000-7fc6a85a3000 r-xp 00000000 08:30 416226                     /home/peng_luh/__git/search_l3s/search_l3s_search_srv/.venv/lib/python3.9/site-packages/nvidia/cuda_nvrtc/lib/libnvrtc.so.11.2
7fc6a85a3000-7fc6a87a3000 ---p 02593000 08:30 416226                     /home/peng_luh/__git/search_l3s/search_l3s_search_srv/.venv/lib/python3.9/site-packages/nvidia/cuda_nvrtc/lib/libnvrtc.so.11.2
7fc6a87a3000-7fc6a8cf3000 r--p 02593000 08:30 416226                     /home/peng_luh/__git/search_l3s/search_l3s_search_srv/.venv/lib/python3.9/site-packages/nvidia/cuda_nvrtc/lib/libnvrtc.so.11.2
7fc6a8cf3000-7fc6a8db9000 rw-p 02ae3000 08:30 416226                     /home/peng_luh/__git/search_l3s/search_l3s_search_srv/.venv/lib/python3.9/site-packages/nvidia/cuda_nvrtc/lib/libnvrtc.so.11.2
7fc6a8db9000-7fc6a8e9f000 rw-p 00000000 00:00 0 
7fc6a8e9f000-7fc6a8ea1000 rw-p 02baa000 08:30 416226                     /home/peng_luh/__git/search_l3s/search_l3s_search_srv/.venv/lib/python3.9/site-packages/nvidia/cuda_nvrtc/lib/libnvrtc.so.11.2
7fc6a8ea1000-7fc6b6ade000 r-xp 00000000 08:30 416031                     /home/peng_luh/__git/search_l3s/search_l3s_search_srv/.venv/lib/python3.9/site-packages/nvidia/nccl/lib/libnccl.so.2
7fc6b6ade000-7fc6b6cde000 ---p 0dc3d000 08:30 416031                     /home/peng_luh/__git/search_l3s/search_l3s_search_srv/.venv/lib/python3.9/site-packages/nvidia/nccl/lib/libnccl.so.2
7fc6b6cde000-7fc6b6cf3000 r--p 0dc3d000 08:30 416031                     /home/peng_luh/__git/search_l3s/search_l3s_search_srv/.venv/lib/python3.9/site-packages/nvidia/nccl/lib/libnccl.so.2
7fc6b6cf3000-7fc6b6d00000 rw-p 0dc52000 08:30 416031                     /home/peng_luh/__git/search_l3s/search_l3s_search_srv/.venv/lib/python3.9/site-packages/nvidia/nccl/lib/libnccl.so.2
7fc6b6d00000-7fc6b6d1a000 rw-p 00000000 00:00 0 
7fc6b6d1a000-7fc6c5180000 r-xp 00000000 08:30 416044                     /home/peng_luh/__git/search_l3s/search_l3s_search_srv/.venv/lib/python3.9/site-packages/nvidia/cusparse/lib/libcusparse.so.11
7fc6c5180000-7fc6c5380000 ---p 0e466000 08:30 416044                     /home/peng_luh/__git/search_l3s/search_l3s_search_srv/.venv/lib/python3.9/site-packages/nvidia/cusparse/lib/libcusparse.so.11
7fc6c5380000-7fc6c538f000 r--p 0e466000 08:30 416044                     /home/peng_luh/__git/search_l3s/search_l3s_search_srv/.venv/lib/python3.9/site-packages/nvidia/cusparse/lib/libcusparse.so.11
7fc6c538f000-7fc6c53af000 rw-p 0e475000 08:30 416044                     /home/peng_luh/__git/search_l3s/search_l3s_search_srv/.venv/lib/python3.9/site-packages/nvidia/cusparse/lib/libcusparse.so.11
7fc6c53af000-7fc6c53b8000 rw-p 00000000 00:00 0 
7fc6c53b8000-7fc6c5fe5000 r--p 00000000 08:30 434583                     /home/peng_luh/__git/search_l3s/search_l3s_search_srv/.venv/lib/python3.9/site-packages/torch/lib/libtorch_cuda.so
7fc6c5fe5000-7fc6c835a000 r-xp 00c2d000 08:30 434583                     /home/peng_luh/__git/search_l3s/search_l3s_search_srv/.venv/lib/python3.9/site-packages/torch/lib/libtorch_cuda.so
7fc6c835a000-7fc6ea768000 r--p 02fa2000 08:30 434583                     /home/peng_luh/__git/search_l3s/search_l3s_search_srv/.venv/lib/python3.9/site-packages/torch/lib/libtorch_cuda.so
7fc6ea768000-7fc6ea769000 ---p 253b0000 08:30 434583                     /home/peng_luh/__git/search_l3s/search_l3s_search_srv/.venv/lib/python3.9/site-packages/torch/lib/libtorch_cuda.so
7fc6ea769000-7fc6ea7ce000 r--p 253b0000 08:30 434583                     /home/peng_luh/__git/search_l3s/search_l3s_search_srv/.venv/lib/python3.9/site-packages/torch/lib/libtorch_cuda.so
7fc6ea7ce000-7fc